     1                                  SECTION .data
     2 00000000 D093D0BED180D0BED0-     	hello: DB 'Городянский Фёдор',10
     2 00000009 B4D18FD0BDD181D0BA-
     2 00000012 D0B8D0B920D0A4D191-
     2 0000001B D0B4D0BED1800A     
     3                                  	
     4                                  	helloLen: EQU $-hello
     5                                  	
     6                                  SECTION .text
     7                                  	GLOBAL _start
     8                                  	
     9                                  _start:
    10 00000000 B804000000              	mov eax,4
    11 00000005 BB01000000              	mov ebx,1
    12 0000000A B9[00000000]            	mov ecx,hello
    13 0000000F BA22000000              	mov edx,helloLen
    14 00000014 CD80                    	int 80h
    15 00000016 B801000000              	mov eax,1
    16 0000001B BB00000000              	mov ebx,0
    17 00000020 CD80                    	int 80h
    18                                  	
